<?xml version="1.0" encoding="UTF-8"?>
<testsuite xmlns:xsi="http://www.w3.org/2001/XMLSchema-instance" xsi:noNamespaceSchemaLocation="https://maven.apache.org/surefire/maven-surefire-plugin/xsd/surefire-test-report.xsd" name="test.recruiting.candidates.CandidatesListTest" time="235.238" tests="5" errors="1" skipped="0" failures="0">
  <properties>
[...]
</properties>
  <testcase name="searchPositive" classname="test.recruiting.candidates.CandidatesListTest" time="8.437"/>
  <testcase name="searchNegative" classname="test.recruiting.candidates.CandidatesListTest" time="131.741">
    <error message="Expected condition failed: waiting for visibility of element located by By.xpath: //tc-alert[@id=&apos;emptyListSearch&apos;]//div[@class=&apos;message&apos;] (tried for 120 second(s) with 500 milliseconds interval)" type="org.openqa.selenium.TimeoutException">org.openqa.selenium.TimeoutException: Expected condition failed: waiting for visibility of element located by By.xpath: //tc-alert[@id='emptyListSearch']//div[@class='message'] (tried for 120 second(s) with 500 milliseconds interval)
	at test.recruiting.candidates.CandidatesListTest.searchNegative(CandidatesListTest.java:70)
Caused by: org.openqa.selenium.NoSuchElementException: 
Cannot locate an element using By.xpath: //tc-alert[@id='emptyListSearch']//div[@class='message']
For documentation on this error, please visit: http://seleniumhq.org/exceptions/no_such_element.html
Build info: version: '3.11.0', revision: 'e59cfb3', time: '2018-03-11T20:26:55.152Z'
System info: host: 'WIN-6GBM20V5SU1', ip: '192.168.100.8', os.name: 'Windows 7', os.arch: 'amd64', os.version: '6.1', java.version: '1.8.0_121'
Driver info: driver.version: unknown
	at test.recruiting.candidates.CandidatesListTest.searchNegative(CandidatesListTest.java:70)
</error>
    <system-err><![CDATA[1523861487021	geckodriver	INFO	geckodriver 0.20.0
1523861487037	geckodriver	INFO	Listening on 127.0.0.1:37911
1523861487552	mozrunner::runner	INFO	Running command: "C:\\Program Files\\Mozilla Firefox\\firefox.exe" "-marionette" "-profile" "C:\\Users\\user\\AppData\\Local\\Temp\\rust_mozprofile.kITCnel1qjqf"
1523861488180	Marionette	INFO	Enabled via --marionette
1523861490314	Marionette	INFO	Listening on port 3274
1523861490744	Marionette	WARN	TLS certificate errors will be ignored for this session
апр 16, 2018 8:51:30 AM org.openqa.selenium.remote.ProtocolHandshake createSession
INFO: Detected dialect: W3C
Unable to read VR Path Registry from C:\Users\user\AppData\Local\openvr\openvrpaths.vrpath
[Child 8048, Chrome_ChildThread] WARNING: pipe error: 109: file z:/build/build/src/ipc/chromium/src/chrome/common/ipc_channel_win.cc, line 346
[Child 8048, Chrome_ChildThread] WARNING: pipe error: 109: file z:/build/build/src/ipc/chromium/src/chrome/common/ipc_channel_win.cc, line 346
Unable to read VR Path Registry from C:\Users\user\AppData\Local\openvr\openvrpaths.vrpath
[Child 3992, Chrome_ChildThread] WARNING: pipe error: 109: file z:/build/build/src/ipc/chromium/src/chrome/common/ipc_channel_win.cc, line 346
[Child 3992, Chrome_ChildThread] WARNING: pipe error: 109: file z:/build/build/src/ipc/chromium/src/chrome/common/ipc_channel_win.cc, line 346
Unable to read VR Path Registry from C:\Users\user\AppData\Local\openvr\openvrpaths.vrpath
[Child 7516, Chrome_ChildThread] WARNING: pipe error: 109: file z:/build/build/src/ipc/chromium/src/chrome/common/ipc_channel_win.cc, line 346
[Child 7516, Chrome_ChildThread] WARNING: pipe error: 109: file z:/build/build/src/ipc/chromium/src/chrome/common/ipc_channel_win.cc, line 346
Unable to read VR Path Registry from C:\Users\user\AppData\Local\openvr\openvrpaths.vrpath
1523861625568	geckodriver::marionette	ERROR	Failed to stop browser process
]]></system-err>
  </testcase>
  <testcase name="filterClear" classname="test.recruiting.candidates.CandidatesListTest" time="11.816"/>
  <testcase name="filterPositive" classname="test.recruiting.candidates.CandidatesListTest" time="29.669"/>
  <testcase name="clickCreate" classname="test.recruiting.candidates.CandidatesListTest" time="16.833"/>
</testsuite>