<?xml version="1.0" encoding="UTF-8"?>
<testsuite xmlns:xsi="http://www.w3.org/2001/XMLSchema-instance" xsi:noNamespaceSchemaLocation="https://maven.apache.org/surefire/maven-surefire-plugin/xsd/surefire-test-report.xsd" name="test.recruiting.candidates.CandidateFormTest" time="288.372" tests="14" errors="0" skipped="0" failures="2">
  <properties>
[...]
</properties>
  <testcase name="fillinCandidateFormPositive" classname="test.recruiting.candidates.CandidateFormTest" time="41.432"/>
  <testcase name="loadCVPositive" classname="test.recruiting.candidates.CandidateFormTest" time="16.327"/>
  <testcase name="fillinCandidateFormNegativeIncorrectBirthDate" classname="test.recruiting.candidates.CandidateFormTest" time="8.277"/>
  <testcase name="fillinCandidateFormNegativeEmptyContactData" classname="test.recruiting.candidates.CandidateFormTest" time="7.618"/>
  <testcase name="fillinCandidateFormNegativeEmptySurname" classname="test.recruiting.candidates.CandidateFormTest" time="8.197"/>
  <testcase name="attachmentNegative" classname="test.recruiting.candidates.CandidateFormTest" time="15.18">
    <failure message="expected:&lt;[красивое сообщение об ошибке, например, неверный формат прикрепленного файла]&gt; but was:&lt;[/opt/liferay-portal-6.2-ce-ga6/tomcat-7.0.62/temp/upload_00065520.txt (No such file or directory)]&gt;" type="org.junit.ComparisonFailure"><![CDATA[org.junit.ComparisonFailure: expected:<[красивое сообщение об ошибке, например, неверный формат прикрепленного файла]> but was:<[/opt/liferay-portal-6.2-ce-ga6/tomcat-7.0.62/temp/upload_00065520.txt (No such file or directory)]>
	at test.recruiting.candidates.CandidateFormTest.attachmentNegative(CandidateFormTest.java:246)
]]></failure>
    <system-out><![CDATA[[log] CLICK on L(524,786)@S(0)[0,0 1920x1080] (521 msec)
[log]  TYPE "D:\IBA testing course\selenium-recruiting\resources\randomfiles\hello.txt"
[log] CLICK on L(774,829)@S(0)[0,0 1920x1080] (546 msec)
]]></system-out>
    <system-err><![CDATA[1523861302499	geckodriver	INFO	geckodriver 0.20.0
1523861302499	geckodriver	INFO	Listening on 127.0.0.1:29106
1523861303014	mozrunner::runner	INFO	Running command: "C:\\Program Files\\Mozilla Firefox\\firefox.exe" "-marionette" "-profile" "C:\\Users\\user\\AppData\\Local\\Temp\\rust_mozprofile.kljqUDkQ2ZQQ"
1523861303636	Marionette	INFO	Enabled via --marionette
1523861305822	Marionette	INFO	Listening on port 2575
1523861306176	Marionette	WARN	TLS certificate errors will be ignored for this session
апр 16, 2018 8:48:26 AM org.openqa.selenium.remote.ProtocolHandshake createSession
INFO: Detected dialect: W3C
Unable to read VR Path Registry from C:\Users\user\AppData\Local\openvr\openvrpaths.vrpath
[Parent 8060, Gecko_IOThread] WARNING: pipe error: 109: file z:/build/build/src/ipc/chromium/src/chrome/common/ipc_channel_win.cc, line 346
Unable to read VR Path Registry from C:\Users\user\AppData\Local\openvr\openvrpaths.vrpath
[Child 6516, Chrome_ChildThread] WARNING: pipe error: 109: file z:/build/build/src/ipc/chromium/src/chrome/common/ipc_channel_win.cc, line 346
[Parent 8060, Gecko_IOThread] WARNING: pipe error: 109: file z:/build/build/src/ipc/chromium/src/chrome/common/ipc_channel_win.cc, line 346
Unable to read VR Path Registry from C:\Users\user\AppData\Local\openvr\openvrpaths.vrpath
[Child 7780, Chrome_ChildThread] WARNING: pipe error: 109: file z:/build/build/src/ipc/chromium/src/chrome/common/ipc_channel_win.cc, line 346
[Child 7780, Chrome_ChildThread] WARNING: pipe error: 109: file z:/build/build/src/ipc/chromium/src/chrome/common/ipc_channel_win.cc, line 346
Unable to read VR Path Registry from C:\Users\user\AppData\Local\openvr\openvrpaths.vrpath
[Child 7692, Chrome_ChildThread] WARNING: pipe error: 109: file z:/build/build/src/ipc/chromium/src/chrome/common/ipc_channel_win.cc, line 346
[Child 7692, Chrome_ChildThread] WARNING: pipe error: 109: file z:/build/build/src/ipc/chromium/src/chrome/common/ipc_channel_win.cc, line 346
*** UTM:SVC TimerManager:registerTimer called after profile-before-change notification. Ignoring timer registration for id: telemetry_modules_ping
1523861324734	geckodriver::marionette	ERROR	Failed to stop browser process
]]></system-err>
  </testcase>
  <testcase name="fillinCandidateFormNegativeIncorrectEmail" classname="test.recruiting.candidates.CandidateFormTest" time="7.81"/>
  <testcase name="clickBackToList" classname="test.recruiting.candidates.CandidateFormTest" time="11.273"/>
  <testcase name="fillinCandidateFormNegativeIncorrectTelephone" classname="test.recruiting.candidates.CandidateFormTest" time="8.239"/>
  <testcase name="clickCancel" classname="test.recruiting.candidates.CandidateFormTest" time="9.789"/>
  <testcase name="deleteCandidate" classname="test.recruiting.candidates.CandidateFormTest" time="13.364"/>
  <testcase name="fillinCandidateFormNegativeEmptyName" classname="test.recruiting.candidates.CandidateFormTest" time="8.502"/>
  <testcase name="loadCVAfterInputData" classname="test.recruiting.candidates.CandidateFormTest" time="18.848">
    <failure type="java.lang.AssertionError">java.lang.AssertionError
	at test.recruiting.candidates.CandidateFormTest.loadCVAfterInputData(CandidateFormTest.java:264)
</failure>
    <system-out><![CDATA[[log] CLICK on L(524,786)@S(0)[0,0 1920x1080] (520 msec)
[log]  TYPE "D:\IBA testing course\selenium-recruiting\resources\randomfiles\hello.docx"
[log] CLICK on L(774,829)@S(0)[0,0 1920x1080] (531 msec)
]]></system-out>
    <system-err><![CDATA[1523861428447	geckodriver	INFO	geckodriver 0.20.0
1523861428462	geckodriver	INFO	Listening on 127.0.0.1:17333
1523861428977	mozrunner::runner	INFO	Running command: "C:\\Program Files\\Mozilla Firefox\\firefox.exe" "-marionette" "-profile" "C:\\Users\\user\\AppData\\Local\\Temp\\rust_mozprofile.OjvR5wx3Bl92"
1523861429714	Marionette	INFO	Enabled via --marionette
1523861432588	Marionette	INFO	Listening on port 3060
1523861432694	Marionette	WARN	TLS certificate errors will be ignored for this session
апр 16, 2018 8:50:32 AM org.openqa.selenium.remote.ProtocolHandshake createSession
INFO: Detected dialect: W3C
Unable to read VR Path Registry from C:\Users\user\AppData\Local\openvr\openvrpaths.vrpath
[Parent 5944, Gecko_IOThread] WARNING: pipe error: 109: file z:/build/build/src/ipc/chromium/src/chrome/common/ipc_channel_win.cc, line 346
Unable to read VR Path Registry from C:\Users\user\AppData\Local\openvr\openvrpaths.vrpath
[Child 7396, Chrome_ChildThread] WARNING: pipe error: 109: file z:/build/build/src/ipc/chromium/src/chrome/common/ipc_channel_win.cc, line 346
[Child 7396, Chrome_ChildThread] WARNING: pipe error: 109: file z:/build/build/src/ipc/chromium/src/chrome/common/ipc_channel_win.cc, line 346
[Parent 5944, Gecko_IOThread] WARNING: pipe error: 109: file z:/build/build/src/ipc/chromium/src/chrome/common/ipc_channel_win.cc, line 346
Unable to read VR Path Registry from C:\Users\user\AppData\Local\openvr\openvrpaths.vrpath
[Child 1328, Chrome_ChildThread] WARNING: pipe error: 109: file z:/build/build/src/ipc/chromium/src/chrome/common/ipc_channel_win.cc, line 346
*** UTM:SVC TimerManager:registerTimer called after profile-before-change notification. Ignoring timer registration for id: telemetry_modules_ping
1523861454584	geckodriver::marionette	ERROR	Failed to stop browser process
]]></system-err>
  </testcase>
  <testcase name="fillinCandidateFormNegativeMaxLength" classname="test.recruiting.candidates.CandidateFormTest" time="8.096"/>
</testsuite>